2018-10-15T17:26:03.956+0900 I CONTROL  [main] Trying to start Windows service 'MongoDB'
2018-10-15T17:26:03.958+0900 I CONTROL  [initandlisten] MongoDB starting : pid=20140 port=27017 dbpath=D:\2018DevPrivate\daddysstampdev\data 64-bit host=DESKTOP-4F1KJ89
2018-10-15T17:26:03.958+0900 I CONTROL  [initandlisten] targetMinOS: Windows 7/Windows Server 2008 R2
2018-10-15T17:26:03.958+0900 I CONTROL  [initandlisten] db version v4.0.3
2018-10-15T17:26:03.958+0900 I CONTROL  [initandlisten] git version: 7ea530946fa7880364d88c8d8b6026bbc9ffa48c
2018-10-15T17:26:03.958+0900 I CONTROL  [initandlisten] allocator: tcmalloc
2018-10-15T17:26:03.959+0900 I CONTROL  [initandlisten] modules: none
2018-10-15T17:26:03.959+0900 I CONTROL  [initandlisten] build environment:
2018-10-15T17:26:03.959+0900 I CONTROL  [initandlisten]     distmod: 2008plus-ssl
2018-10-15T17:26:03.959+0900 I CONTROL  [initandlisten]     distarch: x86_64
2018-10-15T17:26:03.959+0900 I CONTROL  [initandlisten]     target_arch: x86_64
2018-10-15T17:26:03.959+0900 I CONTROL  [initandlisten] options: { config: "D:\Program Files\MongoDB\Server\4.0\bin\mongod.cfg", net: { bindIp: "127.0.0.1", port: 27017 }, service: true, storage: { dbPath: "D:\2018DevPrivate\daddysstampdev\data", journal: { enabled: true } }, systemLog: { destination: "file", logAppend: true, path: "D:\2018DevPrivate\daddysstampdev\log\mongod.log" } }
2018-10-15T17:26:04.095+0900 I STORAGE  [initandlisten] wiredtiger_open config: create,cache_size=7635M,session_max=20000,eviction=(threads_min=4,threads_max=4),config_base=false,statistics=(fast),log=(enabled=true,archive=true,path=journal,compressor=snappy),file_manager=(close_idle_time=100000),statistics_log=(wait=0),verbose=(recovery_progress),
2018-10-15T17:26:04.158+0900 I STORAGE  [initandlisten] WiredTiger message [1539591964:157849][20140:140728258999056], txn-recover: Set global recovery timestamp: 0
2018-10-15T17:26:04.189+0900 I RECOVERY [initandlisten] WiredTiger recoveryTimestamp. Ts: Timestamp(0, 0)
2018-10-15T17:26:04.315+0900 I CONTROL  [initandlisten] 
2018-10-15T17:26:04.315+0900 I CONTROL  [initandlisten] ** WARNING: Access control is not enabled for the database.
2018-10-15T17:26:04.315+0900 I CONTROL  [initandlisten] **          Read and write access to data and configuration is unrestricted.
2018-10-15T17:26:04.315+0900 I CONTROL  [initandlisten] 
2018-10-15T17:26:04.316+0900 I STORAGE  [initandlisten] createCollection: admin.system.version with provided UUID: 1bc0d8fe-2843-4660-80b7-7842833fcee1
2018-10-15T17:26:04.352+0900 I COMMAND  [initandlisten] setting featureCompatibilityVersion to 4.0
2018-10-15T17:26:04.359+0900 I STORAGE  [initandlisten] createCollection: local.startup_log with generated UUID: eaa8262d-08d2-4911-a845-a0e01ee9b0aa
2018-10-15T17:26:06.847+0900 I FTDC     [initandlisten] Initializing full-time diagnostic data capture with directory 'D:/2018DevPrivate/daddysstampdev/data/diagnostic.data'
2018-10-15T17:26:06.849+0900 I STORAGE  [LogicalSessionCacheRefresh] createCollection: config.system.sessions with generated UUID: 582247bd-f3b7-454b-b3ed-d77897774775
2018-10-15T17:26:06.849+0900 I NETWORK  [initandlisten] waiting for connections on port 27017
2018-10-15T17:26:06.850+0900 I STORAGE  [initandlisten] Service running
2018-10-15T17:26:06.898+0900 I INDEX    [LogicalSessionCacheRefresh] build index on: config.system.sessions properties: { v: 2, key: { lastUse: 1 }, name: "lsidTTLIndex", ns: "config.system.sessions", expireAfterSeconds: 1800 }
2018-10-15T17:26:06.898+0900 I INDEX    [LogicalSessionCacheRefresh] 	 building index using bulk method; build may temporarily use up to 500 megabytes of RAM
2018-10-15T17:26:06.905+0900 I INDEX    [LogicalSessionCacheRefresh] build index done.  scanned 0 total records. 0 secs
2018-10-15T17:40:49.914+0900 I NETWORK  [listener] connection accepted from 127.0.0.1:61040 #1 (1 connection now open)
2018-10-15T17:40:49.915+0900 I NETWORK  [conn1] received client metadata from 127.0.0.1:61040 conn1: { application: { name: "MongoDB Shell" }, driver: { name: "MongoDB Internal Client", version: "4.0.3" }, os: { type: "Windows", name: "Microsoft Windows 10", architecture: "x86_64", version: "10.0 (build 15063)" } }
2018-10-15T17:41:55.885+0900 I NETWORK  [conn1] end connection 127.0.0.1:61040 (0 connections now open)
2018-10-15T17:43:06.129+0900 I CONTROL  [serviceShutdown] got SERVICE_CONTROL_STOP request from Windows Service Control Manager, will terminate after current cmd ends
2018-10-15T17:43:06.129+0900 I NETWORK  [serviceShutdown] shutdown: going to close listening sockets...
2018-10-15T17:43:06.130+0900 I CONTROL  [serviceShutdown] Shutting down free monitoring
2018-10-15T17:43:06.130+0900 I FTDC     [serviceShutdown] Shutting down full-time diagnostic data capture
2018-10-15T17:43:06.134+0900 I STORAGE  [serviceShutdown] WiredTigerKVEngine shutting down
2018-10-15T17:43:06.185+0900 I STORAGE  [serviceShutdown] shutdown: removing fs lock...
2018-10-15T17:43:06.186+0900 I CONTROL  [serviceShutdown] now exiting
